userapp1/android/app/build/intermediates/manifest_merge_blame_file/debug/manifest-merger-blame-debug-report.txt
1<?xml version="1.0" encoding="utf-8"?>
2<manifest xmlns:android="http://schemas.android.com/apk/res/android"
3    package="com.userapp1"
4    android:versionCode="1"
5    android:versionName="1.0" >
6
7    <uses-sdk
8        android:minSdkVersion="23"
9        android:targetSdkVersion="34" />
10    <!-- Permissions -->
11    <uses-permission android:name="android.permission.INTERNET" />
11-->src\main\AndroidManifest.xml:6:5-67
11-->src\main\AndroidManifest.xml:6:22-64
12    <uses-permission android:name="android.permission.ACCESS_FINE_LOCATION" />
12-->src\main\AndroidManifest.xml:7:5-79
12-->src\main\AndroidManifest.xml:7:22-76
13    <uses-permission android:name="android.permission.ACCESS_COARSE_LOCATION" />
13-->src\main\AndroidManifest.xml:8:5-81
13-->src\main\AndroidManifest.xml:8:22-78
14    <uses-permission android:name="android.permission.RECEIVE_BOOT_COMPLETED" />
14-->src\main\AndroidManifest.xml:9:5-81
14-->src\main\AndroidManifest.xml:9:22-78
15    <uses-permission android:name="android.permission.WAKE_LOCK" />
15-->src\main\AndroidManifest.xml:10:5-68
15-->src\main\AndroidManifest.xml:10:22-65
16    <uses-permission android:name="android.permission.RECEIVE_SMS" />
16-->src\main\AndroidManifest.xml:11:5-69
16-->src\main\AndroidManifest.xml:11:22-67
17    <uses-permission android:name="android.permission.READ_SMS" />
17-->src\main\AndroidManifest.xml:12:5-66
17-->src\main\AndroidManifest.xml:12:22-64
18    <uses-permission android:name="android.permission.SEND_SMS" />
18-->src\main\AndroidManifest.xml:13:5-66
18-->src\main\AndroidManifest.xml:13:22-64
19    <uses-permission android:name="android.permission.ACCESS_NETWORK_STATE" />
19-->src\main\AndroidManifest.xml:14:5-79
19-->src\main\AndroidManifest.xml:14:22-76
20    <uses-permission android:name="android.permission.FOREGROUND_SERVICE" /> <!-- <uses-permission android:name="android.permission.BROADCAST_CLOSE_SYSTEM_DIALOGS"/> -->
20-->src\main\AndroidManifest.xml:15:5-77
20-->src\main\AndroidManifest.xml:15:22-74
21    <uses-feature
21-->src\main\AndroidManifest.xml:17:2-85
22        android:name="android.hardware.telephony"
22-->src\main\AndroidManifest.xml:17:16-57
23        android:required="false" />
23-->src\main\AndroidManifest.xml:17:58-82
24    <!--
25    This manifest file is used only by Gradle to configure debug-only capabilities
26    for React Native Apps.
27    -->
28    <uses-permission android:name="android.permission.SYSTEM_ALERT_WINDOW" />
28-->[com.facebook.react:react-android:0.74.3] AndroidManifest.xml:16:5-78
28-->[com.facebook.react:react-android:0.74.3] AndroidManifest.xml:16:22-75
29    <uses-permission android:name="android.permission.POST_NOTIFICATIONS" /> <!-- Required by older versions of Google Play services to create IID tokens -->
29-->[com.google.firebase:firebase-messaging:24.0.0] AndroidManifest.xml:23:5-77
29-->[com.google.firebase:firebase-messaging:24.0.0] AndroidManifest.xml:23:22-74
30    <uses-permission android:name="com.google.android.c2dm.permission.RECEIVE" />
30-->[com.google.firebase:firebase-messaging:24.0.0] AndroidManifest.xml:26:5-82
30-->[com.google.firebase:firebase-messaging:24.0.0] AndroidManifest.xml:26:22-79
31    <uses-permission android:name="com.google.android.providers.gsf.permission.READ_GSERVICES" />
31-->[com.google.android.recaptcha:recaptcha:18.4.0] AndroidManifest.xml:9:5-98
31-->[com.google.android.recaptcha:recaptcha:18.4.0] AndroidManifest.xml:9:22-95
32
33    <uses-feature
33-->[com.mapbox.maps:android-core:10.18.0] AndroidManifest.xml:10:5-12:35
34        android:glEsVersion="0x00020000"
34-->[com.mapbox.maps:android-core:10.18.0] AndroidManifest.xml:11:9-41
35        android:required="true" />
35-->[com.mapbox.maps:android-core:10.18.0] AndroidManifest.xml:12:9-32
36    <uses-feature
36-->[com.mapbox.maps:android-core:10.18.0] AndroidManifest.xml:13:5-15:36
37        android:name="android.hardware.wifi"
37-->[com.mapbox.maps:android-core:10.18.0] AndroidManifest.xml:14:9-45
38        android:required="false" />
38-->[com.mapbox.maps:android-core:10.18.0] AndroidManifest.xml:15:9-33
39
40    <uses-permission android:name="android.permission.ACCESS_WIFI_STATE" />
40-->[com.mapbox.maps:android-core:10.18.0] AndroidManifest.xml:19:5-76
40-->[com.mapbox.maps:android-core:10.18.0] AndroidManifest.xml:19:22-73
41
42    <permission
42-->[androidx.core:core:1.9.0] AndroidManifest.xml:22:5-24:47
43        android:name="com.userapp1.DYNAMIC_RECEIVER_NOT_EXPORTED_PERMISSION"
43-->[androidx.core:core:1.9.0] AndroidManifest.xml:23:9-81
44        android:protectionLevel="signature" />
44-->[androidx.core:core:1.9.0] AndroidManifest.xml:24:9-44
45
46    <uses-permission android:name="com.userapp1.DYNAMIC_RECEIVER_NOT_EXPORTED_PERMISSION" /> <!-- for android -->
46-->[androidx.core:core:1.9.0] AndroidManifest.xml:26:5-97
46-->[androidx.core:core:1.9.0] AndroidManifest.xml:26:22-94
47    <!-- <uses-permission android:name="com.android.launcher.permission.READ_SETTINGS"/> -->
48    <!-- <uses-permission android:name="com.android.launcher.permission.WRITE_SETTINGS"/> -->
49    <!-- <uses-permission android:name="com.android.launcher.permission.INSTALL_SHORTCUT" /> -->
50    <!-- <uses-permission android:name="com.android.launcher.permission.UNINSTALL_SHORTCUT" /> -->
51    <!-- for Samsung -->
52    <uses-permission android:name="com.sec.android.provider.badge.permission.READ" />
52-->[me.leolin:ShortcutBadger:1.1.22] AndroidManifest.xml:19:5-86
52-->[me.leolin:ShortcutBadger:1.1.22] AndroidManifest.xml:19:22-83
53    <uses-permission android:name="com.sec.android.provider.badge.permission.WRITE" /> <!-- for htc -->
53-->[me.leolin:ShortcutBadger:1.1.22] AndroidManifest.xml:20:5-87
53-->[me.leolin:ShortcutBadger:1.1.22] AndroidManifest.xml:20:22-84
54    <uses-permission android:name="com.htc.launcher.permission.READ_SETTINGS" />
54-->[me.leolin:ShortcutBadger:1.1.22] AndroidManifest.xml:23:5-81
54-->[me.leolin:ShortcutBadger:1.1.22] AndroidManifest.xml:23:22-78
55    <uses-permission android:name="com.htc.launcher.permission.UPDATE_SHORTCUT" /> <!-- for sony -->
55-->[me.leolin:ShortcutBadger:1.1.22] AndroidManifest.xml:24:5-83
55-->[me.leolin:ShortcutBadger:1.1.22] AndroidManifest.xml:24:22-80
56    <uses-permission android:name="com.sonyericsson.home.permission.BROADCAST_BADGE" />
56-->[me.leolin:ShortcutBadger:1.1.22] AndroidManifest.xml:27:5-88
56-->[me.leolin:ShortcutBadger:1.1.22] AndroidManifest.xml:27:22-85
57    <uses-permission android:name="com.sonymobile.home.permission.PROVIDER_INSERT_BADGE" /> <!-- for apex -->
57-->[me.leolin:ShortcutBadger:1.1.22] AndroidManifest.xml:28:5-92
57-->[me.leolin:ShortcutBadger:1.1.22] AndroidManifest.xml:28:22-89
58    <uses-permission android:name="com.anddoes.launcher.permission.UPDATE_COUNT" /> <!-- for solid -->
58-->[me.leolin:ShortcutBadger:1.1.22] AndroidManifest.xml:31:5-84
58-->[me.leolin:ShortcutBadger:1.1.22] AndroidManifest.xml:31:22-81
59    <uses-permission android:name="com.majeur.launcher.permission.UPDATE_BADGE" /> <!-- for huawei -->
59-->[me.leolin:ShortcutBadger:1.1.22] AndroidManifest.xml:34:5-83
59-->[me.leolin:ShortcutBadger:1.1.22] AndroidManifest.xml:34:22-80
60    <uses-permission android:name="com.huawei.android.launcher.permission.CHANGE_BADGE" />
60-->[me.leolin:ShortcutBadger:1.1.22] AndroidManifest.xml:37:5-91
60-->[me.leolin:ShortcutBadger:1.1.22] AndroidManifest.xml:37:22-88
61    <uses-permission android:name="com.huawei.android.launcher.permission.READ_SETTINGS" />
61-->[me.leolin:ShortcutBadger:1.1.22] AndroidManifest.xml:38:5-92
61-->[me.leolin:ShortcutBadger:1.1.22] AndroidManifest.xml:38:22-89
62    <uses-permission android:name="com.huawei.android.launcher.permission.WRITE_SETTINGS" /> <!-- for ZUK -->
62-->[me.leolin:ShortcutBadger:1.1.22] AndroidManifest.xml:39:5-93
62-->[me.leolin:ShortcutBadger:1.1.22] AndroidManifest.xml:39:22-90
63    <uses-permission android:name="android.permission.READ_APP_BADGE" /> <!-- for OPPO -->
63-->[me.leolin:ShortcutBadger:1.1.22] AndroidManifest.xml:42:5-73
63-->[me.leolin:ShortcutBadger:1.1.22] AndroidManifest.xml:42:22-70
64    <uses-permission android:name="com.oppo.launcher.permission.READ_SETTINGS" />
64-->[me.leolin:ShortcutBadger:1.1.22] AndroidManifest.xml:45:5-82
64-->[me.leolin:ShortcutBadger:1.1.22] AndroidManifest.xml:45:22-79
65    <uses-permission android:name="com.oppo.launcher.permission.WRITE_SETTINGS" /> <!-- for EvMe -->
65-->[me.leolin:ShortcutBadger:1.1.22] AndroidManifest.xml:46:5-83
65-->[me.leolin:ShortcutBadger:1.1.22] AndroidManifest.xml:46:22-80
66    <uses-permission android:name="me.everything.badger.permission.BADGE_COUNT_READ" />
66-->[me.leolin:ShortcutBadger:1.1.22] AndroidManifest.xml:49:5-88
66-->[me.leolin:ShortcutBadger:1.1.22] AndroidManifest.xml:49:22-85
67    <uses-permission android:name="me.everything.badger.permission.BADGE_COUNT_WRITE" />
67-->[me.leolin:ShortcutBadger:1.1.22] AndroidManifest.xml:50:5-89
67-->[me.leolin:ShortcutBadger:1.1.22] AndroidManifest.xml:50:22-86
68
69    <application
69-->src\main\AndroidManifest.xml:18:5-78:19
70        android:name="com.userapp1.MainApplication"
70-->src\main\AndroidManifest.xml:21:9-40
71        android:allowBackup="true"
71-->src\main\AndroidManifest.xml:19:9-35
72        android:appComponentFactory="androidx.core.app.CoreComponentFactory"
72-->[androidx.core:core:1.9.0] AndroidManifest.xml:28:18-86
73        android:debuggable="true"
74        android:extractNativeLibs="false"
75        android:icon="@mipmap/ic_launcher"
75-->src\main\AndroidManifest.xml:23:9-43
76        android:label="@string/app_name"
76-->src\main\AndroidManifest.xml:22:9-41
77        android:supportsRtl="true"
77-->src\main\AndroidManifest.xml:20:9-35
78        android:theme="@style/AppTheme"
78-->src\main\AndroidManifest.xml:24:9-40
79        android:usesCleartextTraffic="true" >
79-->src\debug\AndroidManifest.xml:6:9-44
80        <meta-data
80-->src\main\AndroidManifest.xml:25:9-27:77
81            android:name="com.google.firebase.auth.APP_ID"
81-->src\main\AndroidManifest.xml:26:13-59
82            android:value="1:544120482529:android:3f28186b98c2ef4de325a0" /> <!-- Main Activity -->
82-->src\main\AndroidManifest.xml:27:13-74
83        <activity
83-->src\main\AndroidManifest.xml:30:9-42:20
84            android:name="com.userapp1.MainActivity"
84-->src\main\AndroidManifest.xml:31:13-41
85            android:configChanges="keyboard|keyboardHidden|orientation|screenLayout|screenSize|smallestScreenSize|uiMode"
85-->src\main\AndroidManifest.xml:33:13-122
86            android:exported="true"
86-->src\main\AndroidManifest.xml:36:13-36
87            android:label="@string/app_name"
87-->src\main\AndroidManifest.xml:32:13-45
88            android:launchMode="singleTask"
88-->src\main\AndroidManifest.xml:34:13-44
89            android:windowSoftInputMode="adjustResize" >
89-->src\main\AndroidManifest.xml:35:13-55
90            <intent-filter>
90-->src\main\AndroidManifest.xml:37:13-40:29
91                <action android:name="android.intent.action.MAIN" />
91-->src\main\AndroidManifest.xml:38:17-69
91-->src\main\AndroidManifest.xml:38:25-66
92
93                <category android:name="android.intent.category.LAUNCHER" />
93-->src\main\AndroidManifest.xml:39:17-77
93-->src\main\AndroidManifest.xml:39:27-74
94            </intent-filter>
95        </activity> <!-- Firebase Messaging Service -->
96        <service
96-->src\main\AndroidManifest.xml:46:9-53:19
97            android:name="com.google.firebase.messaging.FirebaseMessagingService"
97-->src\main\AndroidManifest.xml:47:13-82
98            android:directBootAware="true"
98-->[com.google.firebase:firebase-messaging:24.0.0] AndroidManifest.xml:48:13-43
99            android:exported="true" >
99-->src\main\AndroidManifest.xml:48:13-36
100            <intent-filter>
100-->src\main\AndroidManifest.xml:50:13-52:29
101                <action android:name="com.google.firebase.MESSAGING_EVENT" />
101-->src\main\AndroidManifest.xml:51:17-78
101-->src\main\AndroidManifest.xml:51:25-75
102            </intent-filter>
103            <intent-filter android:priority="-500" >
103-->src\main\AndroidManifest.xml:50:13-52:29
104                <action android:name="com.google.firebase.MESSAGING_EVENT" />
104-->src\main\AndroidManifest.xml:51:17-78
104-->src\main\AndroidManifest.xml:51:25-75
105            </intent-filter>
106        </service> <!-- Receive Boot Completed -->
107        <receiver
107-->src\main\AndroidManifest.xml:58:9-60:38
108            android:name="com.dieam.reactnativepushnotification.modules.RNPushNotificationActions"
108-->src\main\AndroidManifest.xml:59:13-99
109            android:exported="true" />
109-->src\main\AndroidManifest.xml:60:13-36
110        <receiver
110-->src\main\AndroidManifest.xml:61:9-63:38
111            android:name="com.dieam.reactnativepushnotification.modules.RNPushNotificationPublisher"
111-->src\main\AndroidManifest.xml:62:13-101
112            android:exported="true" />
112-->src\main\AndroidManifest.xml:63:13-36
113        <receiver
113-->src\main\AndroidManifest.xml:64:9-71:20
114            android:name="com.dieam.reactnativepushnotification.modules.RNPushNotificationBootEventReceiver"
114-->src\main\AndroidManifest.xml:67:13-109
115            android:enabled="true"
115-->src\main\AndroidManifest.xml:65:13-35
116            android:exported="true" >
116-->src\main\AndroidManifest.xml:66:13-36
117            <intent-filter>
117-->src\main\AndroidManifest.xml:68:13-70:29
118                <action android:name="android.intent.action.BOOT_COMPLETED" />
118-->src\main\AndroidManifest.xml:69:17-78
118-->src\main\AndroidManifest.xml:69:25-76
119            </intent-filter>
120        </receiver> <!-- <service android:name="com.reactnative.foregroundservice.ForegroundService" /> -->
121        <!-- Notification Channel -->
122        <meta-data
122-->src\main\AndroidManifest.xml:74:9-77:45
123            android:name="com.google.firebase.messaging.default_notification_channel_id"
123-->src\main\AndroidManifest.xml:75:13-89
124            android:value="@string/default_notification_channel_id" />
124-->src\main\AndroidManifest.xml:76:13-68
125
126        <service
126-->[:react-native-firebase_messaging] AndroidManifest.xml:12:9-14:40
127            android:name="io.invertase.firebase.messaging.ReactNativeFirebaseMessagingHeadlessService"
127-->[:react-native-firebase_messaging] AndroidManifest.xml:13:13-103
128            android:exported="false" />
128-->[:react-native-firebase_messaging] AndroidManifest.xml:14:13-37
129        <service
129-->[:react-native-firebase_messaging] AndroidManifest.xml:15:9-21:19
130            android:name="io.invertase.firebase.messaging.ReactNativeFirebaseMessagingService"
130-->[:react-native-firebase_messaging] AndroidManifest.xml:16:13-95
131            android:exported="false" >
131-->[:react-native-firebase_messaging] AndroidManifest.xml:17:13-37
132            <intent-filter>
132-->src\main\AndroidManifest.xml:50:13-52:29
133                <action android:name="com.google.firebase.MESSAGING_EVENT" />
133-->src\main\AndroidManifest.xml:51:17-78
133-->src\main\AndroidManifest.xml:51:25-75
134            </intent-filter>
135        </service>
136
137        <receiver
137-->[:react-native-firebase_messaging] AndroidManifest.xml:23:9-30:20
138            android:name="io.invertase.firebase.messaging.ReactNativeFirebaseMessagingReceiver"
138-->[:react-native-firebase_messaging] AndroidManifest.xml:24:13-96
139            android:exported="true"
139-->[:react-native-firebase_messaging] AndroidManifest.xml:25:13-36
140            android:permission="com.google.android.c2dm.permission.SEND" >
140-->[:react-native-firebase_messaging] AndroidManifest.xml:26:13-73
141            <intent-filter>
141-->[:react-native-firebase_messaging] AndroidManifest.xml:27:13-29:29
142                <action android:name="com.google.android.c2dm.intent.RECEIVE" />
142-->[:react-native-firebase_messaging] AndroidManifest.xml:28:17-81
142-->[:react-native-firebase_messaging] AndroidManifest.xml:28:25-78
143            </intent-filter>
144        </receiver>
145
146        <meta-data
146-->[:react-native-firebase_messaging] AndroidManifest.xml:32:9-34:36
147            android:name="firebase_messaging_auto_init_enabled"
147-->[:react-native-firebase_messaging] AndroidManifest.xml:33:13-64
148            android:value="true" />
148-->[:react-native-firebase_messaging] AndroidManifest.xml:34:13-33
149        <meta-data
149-->[:react-native-firebase_messaging] AndroidManifest.xml:38:9-40:47
150            android:name="com.google.firebase.messaging.default_notification_color"
150-->[:react-native-firebase_messaging] AndroidManifest.xml:39:13-84
151            android:resource="@color/white" />
151-->[:react-native-firebase_messaging] AndroidManifest.xml:40:13-44
152        <meta-data
152-->[:react-native-firebase_app] AndroidManifest.xml:9:9-11:36
153            android:name="app_data_collection_default_enabled"
153-->[:react-native-firebase_app] AndroidManifest.xml:10:13-63
154            android:value="true" />
154-->[:react-native-firebase_app] AndroidManifest.xml:11:13-33
155
156        <service
156-->[:react-native-firebase_app] AndroidManifest.xml:13:9-21:19
157            android:name="com.google.firebase.components.ComponentDiscoveryService"
157-->[:react-native-firebase_app] AndroidManifest.xml:14:13-84
158            android:directBootAware="true"
158-->[:react-native-firebase_app] AndroidManifest.xml:15:13-43
159            android:exported="false" >
159-->[:react-native-firebase_app] AndroidManifest.xml:16:13-37
160            <meta-data
160-->[:react-native-firebase_app] AndroidManifest.xml:18:13-20:85
161                android:name="com.google.firebase.components:io.invertase.firebase.app.ReactNativeFirebaseAppRegistrar"
161-->[:react-native-firebase_app] AndroidManifest.xml:19:17-120
162                android:value="com.google.firebase.components.ComponentRegistrar" />
162-->[:react-native-firebase_app] AndroidManifest.xml:20:17-82
163            <meta-data
163-->[com.google.firebase:firebase-auth:23.0.0] AndroidManifest.xml:69:13-71:85
164                android:name="com.google.firebase.components:com.google.firebase.auth.FirebaseAuthRegistrar"
164-->[com.google.firebase:firebase-auth:23.0.0] AndroidManifest.xml:70:17-109
165                android:value="com.google.firebase.components.ComponentRegistrar" />
165-->[com.google.firebase:firebase-auth:23.0.0] AndroidManifest.xml:71:17-82
166            <meta-data
166-->[com.google.firebase:firebase-messaging:24.0.0] AndroidManifest.xml:57:13-59:85
167                android:name="com.google.firebase.components:com.google.firebase.messaging.FirebaseMessagingKtxRegistrar"
167-->[com.google.firebase:firebase-messaging:24.0.0] AndroidManifest.xml:58:17-122
168                android:value="com.google.firebase.components.ComponentRegistrar" />
168-->[com.google.firebase:firebase-messaging:24.0.0] AndroidManifest.xml:59:17-82
169            <meta-data
169-->[com.google.firebase:firebase-messaging:24.0.0] AndroidManifest.xml:60:13-62:85
170                android:name="com.google.firebase.components:com.google.firebase.messaging.FirebaseMessagingRegistrar"
170-->[com.google.firebase:firebase-messaging:24.0.0] AndroidManifest.xml:61:17-119
171                android:value="com.google.firebase.components.ComponentRegistrar" />
171-->[com.google.firebase:firebase-messaging:24.0.0] AndroidManifest.xml:62:17-82
172            <meta-data
172-->[com.google.firebase:firebase-installations:18.0.0] AndroidManifest.xml:15:13-17:85
173                android:name="com.google.firebase.components:com.google.firebase.installations.FirebaseInstallationsKtxRegistrar"
173-->[com.google.firebase:firebase-installations:18.0.0] AndroidManifest.xml:16:17-130
174                android:value="com.google.firebase.components.ComponentRegistrar" />
174-->[com.google.firebase:firebase-installations:18.0.0] AndroidManifest.xml:17:17-82
175            <meta-data
175-->[com.google.firebase:firebase-installations:18.0.0] AndroidManifest.xml:18:13-20:85
176                android:name="com.google.firebase.components:com.google.firebase.installations.FirebaseInstallationsRegistrar"
176-->[com.google.firebase:firebase-installations:18.0.0] AndroidManifest.xml:19:17-127
177                android:value="com.google.firebase.components.ComponentRegistrar" />
177-->[com.google.firebase:firebase-installations:18.0.0] AndroidManifest.xml:20:17-82
178            <meta-data
178-->[com.google.firebase:firebase-common-ktx:21.0.0] AndroidManifest.xml:12:13-14:85
179                android:name="com.google.firebase.components:com.google.firebase.ktx.FirebaseCommonLegacyRegistrar"
179-->[com.google.firebase:firebase-common-ktx:21.0.0] AndroidManifest.xml:13:17-116
180                android:value="com.google.firebase.components.ComponentRegistrar" />
180-->[com.google.firebase:firebase-common-ktx:21.0.0] AndroidManifest.xml:14:17-82
181            <meta-data
181-->[com.google.firebase:firebase-common:21.0.0] AndroidManifest.xml:35:13-37:85
182                android:name="com.google.firebase.components:com.google.firebase.FirebaseCommonKtxRegistrar"
182-->[com.google.firebase:firebase-common:21.0.0] AndroidManifest.xml:36:17-109
183                android:value="com.google.firebase.components.ComponentRegistrar" />
183-->[com.google.firebase:firebase-common:21.0.0] AndroidManifest.xml:37:17-82
184            <meta-data
184-->[com.google.firebase:firebase-datatransport:18.2.0] AndroidManifest.xml:25:13-27:85
185                android:name="com.google.firebase.components:com.google.firebase.datatransport.TransportRegistrar"
185-->[com.google.firebase:firebase-datatransport:18.2.0] AndroidManifest.xml:26:17-115
186                android:value="com.google.firebase.components.ComponentRegistrar" />
186-->[com.google.firebase:firebase-datatransport:18.2.0] AndroidManifest.xml:27:17-82
187        </service>
188
189        <provider
189-->[:react-native-firebase_app] AndroidManifest.xml:23:9-27:38
190            android:name="io.invertase.firebase.app.ReactNativeFirebaseAppInitProvider"
190-->[:react-native-firebase_app] AndroidManifest.xml:24:13-88
191            android:authorities="com.userapp1.reactnativefirebaseappinitprovider"
191-->[:react-native-firebase_app] AndroidManifest.xml:25:13-86
192            android:exported="false"
192-->[:react-native-firebase_app] AndroidManifest.xml:26:13-37
193            android:initOrder="99" />
193-->[:react-native-firebase_app] AndroidManifest.xml:27:13-35
194
195        <activity
195-->[com.facebook.react:react-android:0.74.3] AndroidManifest.xml:19:9-21:40
196            android:name="com.facebook.react.devsupport.DevSettingsActivity"
196-->[com.facebook.react:react-android:0.74.3] AndroidManifest.xml:20:13-77
197            android:exported="false" />
197-->[com.facebook.react:react-android:0.74.3] AndroidManifest.xml:21:13-37
198        <activity
198-->[com.google.firebase:firebase-auth:23.0.0] AndroidManifest.xml:29:9-46:20
199            android:name="com.google.firebase.auth.internal.GenericIdpActivity"
199-->[com.google.firebase:firebase-auth:23.0.0] AndroidManifest.xml:30:13-80
200            android:excludeFromRecents="true"
200-->[com.google.firebase:firebase-auth:23.0.0] AndroidManifest.xml:31:13-46
201            android:exported="true"
201-->[com.google.firebase:firebase-auth:23.0.0] AndroidManifest.xml:32:13-36
202            android:launchMode="singleTask"
202-->[com.google.firebase:firebase-auth:23.0.0] AndroidManifest.xml:33:13-44
203            android:theme="@android:style/Theme.Translucent.NoTitleBar" >
203-->[com.google.firebase:firebase-auth:23.0.0] AndroidManifest.xml:34:13-72
204            <intent-filter>
204-->[com.google.firebase:firebase-auth:23.0.0] AndroidManifest.xml:35:13-45:29
205                <action android:name="android.intent.action.VIEW" />
205-->[com.google.firebase:firebase-auth:23.0.0] AndroidManifest.xml:36:17-69
205-->[com.google.firebase:firebase-auth:23.0.0] AndroidManifest.xml:36:25-66
206
207                <category android:name="android.intent.category.DEFAULT" />
207-->[com.google.firebase:firebase-auth:23.0.0] AndroidManifest.xml:38:17-76
207-->[com.google.firebase:firebase-auth:23.0.0] AndroidManifest.xml:38:27-73
208                <category android:name="android.intent.category.BROWSABLE" />
208-->[com.google.firebase:firebase-auth:23.0.0] AndroidManifest.xml:39:17-78
208-->[com.google.firebase:firebase-auth:23.0.0] AndroidManifest.xml:39:27-75
209
210                <data
210-->[com.google.firebase:firebase-auth:23.0.0] AndroidManifest.xml:41:17-44:51
211                    android:host="firebase.auth"
211-->[com.google.firebase:firebase-auth:23.0.0] AndroidManifest.xml:42:21-49
212                    android:path="/"
212-->[com.google.firebase:firebase-auth:23.0.0] AndroidManifest.xml:43:21-37
213                    android:scheme="genericidp" />
213-->[com.google.firebase:firebase-auth:23.0.0] AndroidManifest.xml:44:21-48
214            </intent-filter>
215        </activity>
216        <activity
216-->[com.google.firebase:firebase-auth:23.0.0] AndroidManifest.xml:47:9-64:20
217            android:name="com.google.firebase.auth.internal.RecaptchaActivity"
217-->[com.google.firebase:firebase-auth:23.0.0] AndroidManifest.xml:48:13-79
218            android:excludeFromRecents="true"
218-->[com.google.firebase:firebase-auth:23.0.0] AndroidManifest.xml:49:13-46
219            android:exported="true"
219-->[com.google.firebase:firebase-auth:23.0.0] AndroidManifest.xml:50:13-36
220            android:launchMode="singleTask"
220-->[com.google.firebase:firebase-auth:23.0.0] AndroidManifest.xml:51:13-44
221            android:theme="@android:style/Theme.Translucent.NoTitleBar" >
221-->[com.google.firebase:firebase-auth:23.0.0] AndroidManifest.xml:52:13-72
222            <intent-filter>
222-->[com.google.firebase:firebase-auth:23.0.0] AndroidManifest.xml:53:13-63:29
223                <action android:name="android.intent.action.VIEW" />
223-->[com.google.firebase:firebase-auth:23.0.0] AndroidManifest.xml:36:17-69
223-->[com.google.firebase:firebase-auth:23.0.0] AndroidManifest.xml:36:25-66
224
225                <category android:name="android.intent.category.DEFAULT" />
225-->[com.google.firebase:firebase-auth:23.0.0] AndroidManifest.xml:38:17-76
225-->[com.google.firebase:firebase-auth:23.0.0] AndroidManifest.xml:38:27-73
226                <category android:name="android.intent.category.BROWSABLE" />
226-->[com.google.firebase:firebase-auth:23.0.0] AndroidManifest.xml:39:17-78
226-->[com.google.firebase:firebase-auth:23.0.0] AndroidManifest.xml:39:27-75
227
228                <data
228-->[com.google.firebase:firebase-auth:23.0.0] AndroidManifest.xml:41:17-44:51
229                    android:host="firebase.auth"
229-->[com.google.firebase:firebase-auth:23.0.0] AndroidManifest.xml:42:21-49
230                    android:path="/"
230-->[com.google.firebase:firebase-auth:23.0.0] AndroidManifest.xml:43:21-37
231                    android:scheme="recaptcha" />
231-->[com.google.firebase:firebase-auth:23.0.0] AndroidManifest.xml:44:21-48
232            </intent-filter>
233        </activity>
234
235        <receiver
235-->[com.google.firebase:firebase-messaging:24.0.0] AndroidManifest.xml:29:9-40:20
236            android:name="com.google.firebase.iid.FirebaseInstanceIdReceiver"
236-->[com.google.firebase:firebase-messaging:24.0.0] AndroidManifest.xml:30:13-78
237            android:exported="true"
237-->[com.google.firebase:firebase-messaging:24.0.0] AndroidManifest.xml:31:13-36
238            android:permission="com.google.android.c2dm.permission.SEND" >
238-->[com.google.firebase:firebase-messaging:24.0.0] AndroidManifest.xml:32:13-73
239            <intent-filter>
239-->[:react-native-firebase_messaging] AndroidManifest.xml:27:13-29:29
240                <action android:name="com.google.android.c2dm.intent.RECEIVE" />
240-->[:react-native-firebase_messaging] AndroidManifest.xml:28:17-81
240-->[:react-native-firebase_messaging] AndroidManifest.xml:28:25-78
241            </intent-filter>
242
243            <meta-data
243-->[com.google.firebase:firebase-messaging:24.0.0] AndroidManifest.xml:37:13-39:40
244                android:name="com.google.android.gms.cloudmessaging.FINISHED_AFTER_HANDLED"
244-->[com.google.firebase:firebase-messaging:24.0.0] AndroidManifest.xml:38:17-92
245                android:value="true" />
245-->[com.google.firebase:firebase-messaging:24.0.0] AndroidManifest.xml:39:17-37
246        </receiver>
247
248        <provider
248-->[com.google.firebase:firebase-common:21.0.0] AndroidManifest.xml:23:9-28:39
249            android:name="com.google.firebase.provider.FirebaseInitProvider"
249-->[com.google.firebase:firebase-common:21.0.0] AndroidManifest.xml:24:13-77
250            android:authorities="com.userapp1.firebaseinitprovider"
250-->[com.google.firebase:firebase-common:21.0.0] AndroidManifest.xml:25:13-72
251            android:directBootAware="true"
251-->[com.google.firebase:firebase-common:21.0.0] AndroidManifest.xml:26:13-43
252            android:exported="false"
252-->[com.google.firebase:firebase-common:21.0.0] AndroidManifest.xml:27:13-37
253            android:initOrder="100" />
253-->[com.google.firebase:firebase-common:21.0.0] AndroidManifest.xml:28:13-36
254
255        <service
255-->[androidx.credentials:credentials-play-services-auth:1.2.0-rc01] AndroidManifest.xml:24:9-32:19
256            android:name="androidx.credentials.playservices.CredentialProviderMetadataHolder"
256-->[androidx.credentials:credentials-play-services-auth:1.2.0-rc01] AndroidManifest.xml:25:13-94
257            android:enabled="true"
257-->[androidx.credentials:credentials-play-services-auth:1.2.0-rc01] AndroidManifest.xml:26:13-35
258            android:exported="false" >